<?xml version="1.0" encoding="UTF-8"?>
<!-- Generated by org.testng.reporters.JUnitReportReporter -->
<testsuite hostname="LAPTOP-IP1RMDOK" failures="0" tests="1" name="automation.testsuite.CodeStar_LoginTest" time="6.766" errors="0" timestamp="2024-12-08T12:42:13 ICT" skipped="0">
  <testcase classname="automation.testsuite.CodeStar_LoginTest" name="loginSuccessfully" time="6.766"/>
  <system-out/>
</testsuite> <!-- automation.testsuite.CodeStar_LoginTest -->
