<?xml version="1.0" encoding="UTF-8"?>
<!-- Generated by org.testng.reporters.JUnitReportReporter -->
<testsuite hostname="LAPTOP-IP1RMDOK" failures="0" tests="1" name="automation.testsuite.D16_Alert" time="7.144" errors="0" timestamp="2024-12-08T14:34:05 ICT" skipped="0">
  <testcase classname="automation.testsuite.D16_Alert" name="ThucHanh" time="7.144"/>
  <system-out/>
</testsuite> <!-- automation.testsuite.D16_Alert -->
