<?xml version="1.0" encoding="UTF-8"?>
<!-- Generated by org.testng.reporters.JUnitReportReporter -->
<testsuite hostname="LAPTOP-IP1RMDOK" failures="0" tests="1" name="automation.testsuite.Tedu_CapNhatMatKhauTest" time="19.285" errors="0" timestamp="2024-12-04T18:29:07 ICT" skipped="0">
  <testcase classname="automation.testsuite.Tedu_CapNhatMatKhauTest" name="testSearchCourse" time="19.285"/>
  <system-out/>
</testsuite> <!-- automation.testsuite.Tedu_CapNhatMatKhauTest -->
