<?xml version="1.0" encoding="UTF-8"?>
<!-- Generated by org.testng.reporters.JUnitReportReporter -->
<testsuite hostname="LAPTOP-IP1RMDOK" failures="0" tests="1" name="automation.testsuite.QuanLyNguoiDung_test" time="8.266" errors="0" timestamp="2024-12-03T12:46:43 ICT" skipped="0">
  <testcase classname="automation.testsuite.QuanLyNguoiDung_test" name="ThemNguoiDungThanhCong" time="8.266"/>
  <system-out/>
</testsuite> <!-- automation.testsuite.QuanLyNguoiDung_test -->
