<?xml version="1.0" encoding="UTF-8"?>
<!-- Generated by org.testng.reporters.JUnitReportReporter -->
<testsuite hostname="LAPTOP-IP1RMDOK" failures="0" tests="1" name="automation.testsuite.Dropdownlist" time="4.425" errors="0" timestamp="2024-11-19T14:57:40 ICT" skipped="0">
  <testcase classname="automation.testsuite.Dropdownlist" name="chooseVietNamOption" time="4.425"/>
  <system-out/>
</testsuite> <!-- automation.testsuite.Dropdownlist -->
