<?xml version="1.0" encoding="UTF-8"?>
<!-- Generated by org.testng.reporters.JUnitReportReporter -->
<testsuite hostname="LAPTOP-IP1RMDOK" failures="0" tests="1" name="automation.testsuite.LocatorPractice" time="5.659" errors="0" timestamp="2024-11-05T13:36:30 ICT" skipped="0">
  <testcase classname="automation.testsuite.LocatorPractice" name="getLocator" time="5.659"/>
  <system-out/>
</testsuite> <!-- automation.testsuite.LocatorPractice -->
