<?xml version="1.0" encoding="UTF-8"?>
<!-- Generated by org.testng.reporters.JUnitReportReporter -->
<testsuite hostname="LAPTOP-IP1RMDOK" failures="0" tests="1" name="automation.testsuite.LoginTest" time="50.982" errors="0" timestamp="2024-11-28T12:53:04 ICT" skipped="0">
  <testcase classname="automation.testsuite.LoginTest" name="LoginSuccessFully" time="50.982"/>
  <system-out/>
</testsuite> <!-- automation.testsuite.LoginTest -->
